-------------------------------------------------------------------------------
Test set: test.PruebaTest
-------------------------------------------------------------------------------
Tests run: 2, Failures: 1, Errors: 0, Skipped: 0, Time elapsed: 17.08 s <<< FAILURE! - in test.PruebaTest
test2  Time elapsed: 0.008 s  <<< FAILURE!
org.opentest4j.AssertionFailedError: expected: <true> but was: <false>
	at test.PruebaTest.test2(PruebaTest.java:25)

