-------------------------------------------------------------------------------
Test set: test.PruebaTests
-------------------------------------------------------------------------------
Tests run: 2, Failures: 1, Errors: 0, Skipped: 0, Time elapsed: 0.026 s <<< FAILURE! - in test.PruebaTests
test2  Time elapsed: 0.006 s  <<< FAILURE!
org.opentest4j.AssertionFailedError: expected: <true> but was: <false>
	at test.PruebaTests.test2(PruebaTests.java:17)

